
 ANSYS AIM Pro                                     


 *------------------------------------------------------------------*
 |                                                                  |
 |   W E L C O M E   T O   T H E   A N S Y S (R)  P R O G R A M     |
 |                                                                  |
 *------------------------------------------------------------------*




 ***************************************************************
 *            ANSYS 2019 R3          LEGAL NOTICES             *
 ***************************************************************
 *                                                             *
 * Copyright 1971-2019 ANSYS, Inc.  All rights reserved.       *
 * Unauthorized use, distribution or duplication is            *
 * prohibited.                                                 *
 *                                                             *
 * Ansys is a registered trademark of ANSYS, Inc. or its       *
 * subsidiaries in the United States or other countries.       *
 * See the ANSYS, Inc. online documentation or the ANSYS, Inc. *
 * documentation CD or online help for the complete Legal      *
 * Notice.                                                     *
 *                                                             *
 ***************************************************************
 *                                                             *
 * THIS ANSYS SOFTWARE PRODUCT AND PROGRAM DOCUMENTATION       *
 * INCLUDE TRADE SECRETS AND CONFIDENTIAL AND PROPRIETARY      *
 * PRODUCTS OF ANSYS, INC., ITS SUBSIDIARIES, OR LICENSORS.    *
 * The software products and documentation are furnished by    *
 * ANSYS, Inc. or its subsidiaries under a software license    *
 * agreement that contains provisions concerning               *
 * non-disclosure, copying, length and nature of use,          *
 * compliance with exporting laws, warranties, disclaimers,    *
 * limitations of liability, and remedies, and other           *
 * provisions.  The software products and documentation may be *
 * used, disclosed, transferred, or copied only in accordance  *
 * with the terms and conditions of that software license      *
 * agreement.                                                  *
 *                                                             *
 * ANSYS, Inc. is a UL registered                              *
 * ISO 9001:2015 company.                                      *
 *                                                             *
 ***************************************************************
 *                                                             *
 * This product is subject to U.S. laws governing export and   *
 * re-export.                                                  *
 *                                                             *
 * For U.S. Government users, except as specifically granted   *
 * by the ANSYS, Inc. software license agreement, the use,     *
 * duplication, or disclosure by the United States Government  *
 * is subject to restrictions stated in the ANSYS, Inc.        *
 * software license agreement and FAR 12.212 (for non-DOD      *
 * licenses).                                                  *
 *                                                             *
 ***************************************************************

 2019 R3 
     
 Point Releases and Patches installed:   
     
 ANSYS, Inc. Products 2019 R3
 SpaceClaim 2019 R3  
 AIM 2019 R3 
 Live (includes SpaceClaim) 2019 R3  
 Autodyn 2019 R3 
 LS-DYNA 2019 R3 
 CFX (includes CFD-Post) 2019 R3 
 Chemkin 2019 R3 
 EnSight 2019 R3 
 FENSAP-ICE 2019 R3  
 Fluent (includes CFD-Post) 2019 R3  
 Forte 2019 R3   
 Polyflow (includes CFD-Post) 2019 R3
 TurboGrid 2019 R3   
 ICEM CFD 2019 R3
 Aqwa 2019 R3
 Mechanical Products 2019 R3 
 Additive 2019 R3
 Icepak (includes CFD-Post) 2019 R3  
 ACIS Geometry Interface 2019 R3 
 AutoCAD Geometry Interface 2019 R3  
 Catia, Version 4 Geometry Interface 2019 R3 
 Catia, Version 6 Geometry Interface 2019 R3 
 Creo Elements/Direct Modeling Geometry Interface 2019 R3
 Creo Parametric Geometry Interface 2019 R3  
 Inventor Geometry Interface 2019 R3 
 JTOpen Geometry Interface 2019 R3   
 NX Geometry Interface 2019 R3   
 Parasolid Geometry Interface  2019 R3   
 Solid Edge Geometry Interface 2019 R3   
 SOLIDWORKS Geometry Interface 2019 R3   
 ANSYS, Inc. License Manager 2019 R3 


          *****  ANSYS COMMAND LINE ARGUMENTS  *****
  BATCH MODE REQUESTED (-b)    = NOLIST
  INPUT FILE COPY MODE (-c)    = COPY
  DISTRIBUTED MEMORY PARALLEL REQUESTED
       2 PARALLEL PROCESSES REQUESTED WITH SINGLE THREAD PER PROCESS
    TOTAL OF     2 CORES REQUESTED
  INPUT FILE NAME              = C:\Users\pedeb\Desktop\HTE\Compliant\Empty\_ProjectScratch\ScrDF78\dummy.dat
  OUTPUT FILE NAME             = C:\Users\pedeb\Desktop\HTE\Compliant\Empty\_ProjectScratch\ScrDF78\solve.out
  START-UP FILE MODE           = NOREAD
  STOP FILE MODE               = NOREAD

 RELEASE= 2019 R3              BUILD= 19.5      UP20190805   VERSION=WINDOWS x64 
 CURRENT JOBNAME=file0  21:26:54  NOV 18, 2020 CP=      0.578


 PARAMETER _DS_PROGRESS =     999.0000000    

 /INPUT FILE= ds.dat  LINE=       0



 *** NOTE ***                            CP =       0.797   TIME= 21:26:54
 The /CONFIG,NOELDB command is not valid in a Distributed ANSYS          
 solution.  Command is ignored.                                          

 *GET  _WALLSTRT  FROM  ACTI  ITEM=TIME WALL  VALUE=  21.4483333    

 TITLE= 
 FEM--Static Structural (B5)                                                   


 SET PARAMETER DIMENSIONS ON  _WB_PROJECTSCRATCH_DIR
  TYPE=STRI  DIMENSIONS=      248        1        1

 PARAMETER _WB_PROJECTSCRATCH_DIR(1) = C:\Users\pedeb\Desktop\HTE\Compliant\Empty\_ProjectScratch\ScrDF78\

 SET PARAMETER DIMENSIONS ON  _WB_SOLVERFILES_DIR
  TYPE=STRI  DIMENSIONS=      248        1        1

 PARAMETER _WB_SOLVERFILES_DIR(1) = C:\Users\pedeb\Desktop\HTE\Compliant\Empty\FEM_files\dp0\SYS\MECH\

 SET PARAMETER DIMENSIONS ON  _WB_USERFILES_DIR
  TYPE=STRI  DIMENSIONS=      248        1        1

 PARAMETER _WB_USERFILES_DIR(1) = C:\Users\pedeb\Desktop\HTE\Compliant\Empty\FEM_files\user_files\
 --- Data in consistent NMM units. See Solving Units in the help system for more

 MPA UNITS SPECIFIED FOR INTERNAL    
  LENGTH      = MILLIMETERS (mm)
  MASS        = TONNE (Mg)
  TIME        = SECONDS (sec)
  TEMPERATURE = CELSIUS (C)
  TOFFSET     = 273.0
  FORCE       = NEWTON (N)
  HEAT        = MILLIJOULES (mJ)

 INPUT  UNITS ARE ALSO SET TO MPA 

 *** ANSYS - ENGINEERING ANALYSIS SYSTEM  RELEASE 2019 R3          19.5     ***
 DISTRIBUTED ANSYS AIM Pro                                     

 00429955  VERSION=WINDOWS x64   21:26:54  NOV 18, 2020 CP=      0.797

 FEM--Static Structural (B5)                                                   



          ***** ANSYS ANALYSIS DEFINITION (PREP7) *****
 *********** Nodes for the whole assembly ***********
 *********** Elements for Body 1 "V1" ***********
 *********** Send User Defined Coordinate System(s) ***********
 *********** Set Reference Temperature ***********
 *********** Send Materials ***********
 *********** Create Displacement Components For Use In Future MSUP Analysis ****
 *********** Create Displacement Components For Use In Future MSUP Analysis ****
 *********** Create Displacement Components For Use In Future MSUP Analysis ****
 *********** Fixed Supports ***********
 ******* Constant Zero Displacement X *******
 ******* Constant Zero Displacement Z *******
 *********** Create Displacement Tables and Functions ******


 ***** ROUTINE COMPLETED *****  CP =         0.938


 --- Number of total nodes = 14432
 --- Number of contact elements = 0
 --- Number of spring elements = 0
 --- Number of bearing elements = 0
 --- Number of solid elements = 2455
 --- Number of condensed parts = 0
 --- Number of total elements = 2455

 *GET  _WALLBSOL  FROM  ACTI  ITEM=TIME WALL  VALUE=  21.4483333    
 ****************************************************************************
 *************************    SOLUTION       ********************************
 ****************************************************************************

 *****  ANSYS SOLUTION ROUTINE  *****


 PERFORM A STATIC ANALYSIS
  THIS WILL BE A NEW ANALYSIS

 LARGE DEFORMATION ANALYSIS

 PARAMETER _THICKRATIO =     1.000000000    

 USE PRECONDITIONED CONJUGATE GRADIENT SOLVER
  CONVERGENCE TOLERANCE = 1.00000E-08
  MAXIMUM ITERATION     = NumNode*DofPerNode*  1.0000    

 CONTACT INFORMATION PRINTOUT LEVEL       1

 NLDIAG: Nonlinear diagnostics CONT option is set to ON. 
         Writing frequency : each ITERATION.

 DEFINE RESTART CONTROL FOR LOADSTEP LAST
 AT FREQUENCY OF LAST AND NUMBER FOR OVERWRITE IS    0
 ****************************************************
 ******************* SOLVE FOR LS 1 OF 3 ****************
 *** Set Displacements ***
 CMBLOCK read of NODE component _CM39UY_YP  completed

 SELECT      COMPONENT _CM39UY_YP                      

 SPECIFIED CONSTRAINT UY   FOR SELECTED NODES            1 TO       14432 BY           1
 SET ACCORDING TO TABLE PARAMETER = _LOADVARI39YP

 ALL SELECT   FOR ITEM=NODE COMPONENT=    
  IN RANGE         1 TO      14432 STEP          1

      14432  NODES (OF      14432  DEFINED) SELECTED BY NSEL  COMMAND.
 *** Component For All Non-Zero UY Displacements ***

 SELECT      COMPONENT _CM39UY_YP                      

 DEFINITION OF COMPONENT = _DISPNONZEROUY  ENTITY=NODE

 ALL SELECT   FOR ITEM=NODE COMPONENT=    
  IN RANGE         1 TO      14432 STEP          1

      14432  NODES (OF      14432  DEFINED) SELECTED BY NSEL  COMMAND.

 PRINTOUT RESUMED BY /GOP

 USE AUTOMATIC TIME STEPPING THIS LOAD STEP

 USE       1 SUBSTEPS INITIALLY THIS LOAD STEP FOR ALL  DEGREES OF FREEDOM
 FOR AUTOMATIC TIME STEPPING:
   USE     10 SUBSTEPS AS A MAXIMUM
   USE      1 SUBSTEPS AS A MINIMUM

 TIME=  1.0000    

 ERASE THE CURRENT DATABASE OUTPUT CONTROL TABLE.


 WRITE ALL  ITEMS TO THE DATABASE WITH A FREQUENCY OF NONE
   FOR ALL APPLICABLE ENTITIES

 WRITE NSOL ITEMS TO THE DATABASE WITH A FREQUENCY OF ALL 
   FOR ALL APPLICABLE ENTITIES

 WRITE RSOL ITEMS TO THE DATABASE WITH A FREQUENCY OF ALL 
   FOR ALL APPLICABLE ENTITIES

 WRITE EANG ITEMS TO THE DATABASE WITH A FREQUENCY OF ALL 
   FOR ALL APPLICABLE ENTITIES

 WRITE ETMP ITEMS TO THE DATABASE WITH A FREQUENCY OF ALL 
   FOR ALL APPLICABLE ENTITIES

 WRITE VENG ITEMS TO THE DATABASE WITH A FREQUENCY OF ALL 
   FOR ALL APPLICABLE ENTITIES

 WRITE STRS ITEMS TO THE DATABASE WITH A FREQUENCY OF ALL 
   FOR ALL APPLICABLE ENTITIES

 WRITE EPEL ITEMS TO THE DATABASE WITH A FREQUENCY OF ALL 
   FOR ALL APPLICABLE ENTITIES

 WRITE EPPL ITEMS TO THE DATABASE WITH A FREQUENCY OF ALL 
   FOR ALL APPLICABLE ENTITIES

 WRITE CONT ITEMS TO THE DATABASE WITH A FREQUENCY OF ALL 
   FOR ALL APPLICABLE ENTITIES

 *GET  ANSINTER_  FROM  ACTI  ITEM=INT        VALUE=  0.00000000    

 *IF  ANSINTER_                         ( =   0.00000     )  NE  
      0                                 ( =   0.00000     )  THEN    

 *ENDIF

 *** NOTE ***                            CP =       0.969   TIME= 21:26:54
 The automatic domain decomposition logic has selected the MESH domain   
 decomposition method with 2 processes per solution.                     

 *****  ANSYS SOLVE    COMMAND  *****

 *** WARNING ***                         CP =       0.969   TIME= 21:26:54
 Element shape checking is currently inactive.  Issue SHPP,ON or         
 SHPP,WARN to reactivate, if desired.                                    

 *** NOTE ***                            CP =       1.062   TIME= 21:26:54
 The model data was checked and warning messages were found.             
  Please review output or errors file (                                  
 C:\Users\pedeb\Desktop\HTE\Compliant\Empty\_ProjectScratch\ScrDF78\file 
 e0.err ) for these warning messages.                                    

 *** SELECTION OF ELEMENT TECHNOLOGIES FOR APPLICABLE ELEMENTS ***
      --- GIVE SUGGESTIONS AND RESET THE KEY OPTIONS ---

 ELEMENT TYPE    1 IS SOLID186. KEYOPT(2)=0 IS SUGGESTED AND HAS BEEN RESET.
  KEYOPT(1-12)=    0    0    0    0    0    0    0    0    0    0    0    0



 *** ANSYS - ENGINEERING ANALYSIS SYSTEM  RELEASE 2019 R3          19.5     ***
 DISTRIBUTED ANSYS AIM Pro                                     

 00429955  VERSION=WINDOWS x64   21:26:54  NOV 18, 2020 CP=      1.094

 FEM--Static Structural (B5)                                                   



                       S O L U T I O N   O P T I O N S

   PROBLEM DIMENSIONALITY. . . . . . . . . . . . .3-D                  
   DEGREES OF FREEDOM. . . . . . UX   UY   UZ  
   ANALYSIS TYPE . . . . . . . . . . . . . . . . .STATIC (STEADY-STATE)
   OFFSET TEMPERATURE FROM ABSOLUTE ZERO . . . . .  273.15    
   NONLINEAR GEOMETRIC EFFECTS . . . . . . . . . .ON
   EQUATION SOLVER OPTION. . . . . . . . . . . . .PCG                
      TOLERANCE. . . . . . . . . . . . . . . . . . 1.00000E-08
   NEWTON-RAPHSON OPTION . . . . . . . . . . . . .PROGRAM CHOSEN   
   GLOBALLY ASSEMBLED MATRIX . . . . . . . . . . .SYMMETRIC  

 *** NOTE ***                            CP =       1.094   TIME= 21:26:54
 This nonlinear analysis defaults to using the full Newton-Raphson       
 solution procedure.  This can be modified using the NROPT command.      

 *** NOTE ***                            CP =       1.094   TIME= 21:26:54
 The conditions for direct assembly have been met.  No .emat or .erot    
 files will be produced.                                                 

  
  
     D I S T R I B U T E D   D O M A I N   D E C O M P O S E R
  
  ...Number of elements: 2455
  ...Number of nodes:    14432
  ...Decompose to 2 CPU domains
  ...Element load balance ratio =     1.001


                      L O A D   S T E P   O P T I O N S

   LOAD STEP NUMBER. . . . . . . . . . . . . . . .     1
   TIME AT END OF THE LOAD STEP. . . . . . . . . .  1.0000    
   AUTOMATIC TIME STEPPING . . . . . . . . . . . .    ON
      INITIAL NUMBER OF SUBSTEPS . . . . . . . . .     1
      MAXIMUM NUMBER OF SUBSTEPS . . . . . . . . .    10
      MINIMUM NUMBER OF SUBSTEPS . . . . . . . . .     1
   MAXIMUM NUMBER OF EQUILIBRIUM ITERATIONS. . . .    15
   STEP CHANGE BOUNDARY CONDITIONS . . . . . . . .    NO
   STRESS-STIFFENING . . . . . . . . . . . . . . .    ON
   TERMINATE ANALYSIS IF NOT CONVERGED . . . . . .YES (EXIT)  
   CONVERGENCE CONTROLS. . . . . . . . . . . . . .USE DEFAULTS
   PRINT OUTPUT CONTROLS . . . . . . . . . . . . .NO PRINTOUT
   DATABASE OUTPUT CONTROLS
      ITEM     FREQUENCY   COMPONENT
       ALL       NONE               
      NSOL        ALL               
      RSOL        ALL               
      EANG        ALL               
      ETMP        ALL               
      VENG        ALL               
      STRS        ALL               
      EPEL        ALL               
      EPPL        ALL               
      CONT        ALL               


 SOLUTION MONITORING INFO IS WRITTEN TO FILE= file.mntr                                                                                                                                                                                                                                                           


 *** NOTE ***                            CP =       1.547   TIME= 21:26:54
 The PCG solver has automatically set the level of difficulty for this   
 model to 2.                                                             


                         ***********  PRECISE MASS SUMMARY  ***********

   TOTAL RIGID BODY MASS MATRIX ABOUT ORIGIN
               Translational mass               |   Coupled translational/rotational mass
        0.11701E-04    0.0000        0.0000     |     0.0000       0.17552E-04  -0.56719E-03
         0.0000       0.11701E-04    0.0000     |   -0.17552E-04    0.0000       0.45294E-03
         0.0000        0.0000       0.11701E-04 |    0.56719E-03  -0.45294E-03    0.0000    
     ------------------------------------------ | ------------------------------------------
                                                |         Rotational mass (inertia)
                                                |    0.43440E-01  -0.20649E-01  -0.67941E-03
                                                |   -0.20649E-01   0.28939E-01  -0.85079E-03
                                                |   -0.67941E-03  -0.85079E-03   0.72309E-01

   TOTAL MASS = 0.11701E-04
     The mass principal axes coincide with the global Cartesian axes

   CENTER OF MASS (X,Y,Z)=    38.709        48.473        1.5000    

   TOTAL INERTIA ABOUT CENTER OF MASS
        0.15920E-01   0.13066E-02  -0.83158E-18
        0.13066E-02   0.11379E-01   0.89905E-17
       -0.83158E-18   0.89905E-17   0.27282E-01

   PRINCIPAL INERTIAS =   0.16270E-01   0.11030E-01   0.27282E-01
   ORIENTATION VECTORS OF THE INERTIA PRINCIPAL AXES IN GLOBAL CARTESIAN
     ( 0.966, 0.258,-0.000) (-0.258, 0.966,-0.000) (-0.000, 0.000, 1.000) 


  *** MASS SUMMARY BY ELEMENT TYPE ***

  TYPE      MASS
     1  0.117012E-04

 Range of element maximum matrix coefficients in global coordinates
 Maximum = 176441.292 at element 2172.                                   
 Minimum = 1004.48321 at element 176.                                    

   *** ELEMENT MATRIX FORMULATION TIMES
     TYPE    NUMBER   ENAME      TOTAL CP  AVE CP

        1      2455  SOLID186      1.516   0.000617
 Time at end of element matrix formulation CP = 2.625.                   

 ALL CURRENT ANSYS DATA WRITTEN TO FILE NAME= file.rdb
  FOR POSSIBLE RESUME FROM THIS POINT
     FORCE CONVERGENCE VALUE  =  0.2373E+06  CRITERION=   1211.    
 curEqn=   3920  totEqn=   3920 Job CP sec=      2.938
      Factor Done= 100% Factor Wall sec=      0.052 rate=    1903.8 Mflops
 Iteration=     5 Ratio=  0.102130     Limit=  1.000000E-08 Wall=     0.0
 Iteration=    40 Ratio=  7.004945E-04 Limit=  1.000000E-08 Wall=     0.5
 Iteration=   170 Ratio=  2.828034E-06 Limit=  1.000000E-08 Wall=     2.0

 DISTRIBUTED PCG SOLVER SOLUTION CONVERGED

 DISTRIBUTED PCG SOLVER SOLUTION STATISTICS

   NUMBER OF DOMAINS   =          68
   NUMBER OF ITERATIONS=        1049
   NUMBER OF EQUATIONS =       43296
   LEVEL OF CONVERGENCE=           1
   CALCULATED NORM     = 0.97362E-08
   SPECIFIED TOLERANCE = 0.10000E-07
   TOTAL CPU TIME (sec)=       11.61
   TOTAL WALL TIME(sec)=       13.64
   TOTAL MEMORY (GB)   =        0.03

     DISP CONVERGENCE VALUE   =   5.016      CRITERION=  0.2559    
    EQUIL ITER   1 COMPLETED.  NEW TRIANG MATRIX.  MAX DOF INC=  -5.016    
     FORCE CONVERGENCE VALUE  =   420.9      CRITERION=  0.1187    
     DISP CONVERGENCE VALUE   =  0.8494E-01  CRITERION=  0.2611     <<< CONVERGED
    EQUIL ITER   2 COMPLETED.  NEW TRIANG MATRIX.  MAX DOF INC= -0.8494E-01
     FORCE CONVERGENCE VALUE  =   1.279      CRITERION=  0.1190    
     DISP CONVERGENCE VALUE   =   1.494      CRITERION=  0.2963    
    EQUIL ITER   3 COMPLETED.  NEW TRIANG MATRIX.  MAX DOF INC=   1.494    
     FORCE CONVERGENCE VALUE  =   138.7      CRITERION=  0.1196    
     DISP CONVERGENCE VALUE   =  0.3771E-01  CRITERION=  0.3023     <<< CONVERGED
    EQUIL ITER   4 COMPLETED.  NEW TRIANG MATRIX.  MAX DOF INC=  0.3771E-01
     FORCE CONVERGENCE VALUE  =  0.2374      CRITERION=  0.1207    
     DISP CONVERGENCE VALUE   =  0.2458      CRITERION=  0.3195     <<< CONVERGED
    EQUIL ITER   5 COMPLETED.  NEW TRIANG MATRIX.  MAX DOF INC=  0.2458    
     FORCE CONVERGENCE VALUE  =   3.561      CRITERION=  0.1222    
     DISP CONVERGENCE VALUE   =  0.1494E-01  CRITERION=  0.3260     <<< CONVERGED
    EQUIL ITER   6 COMPLETED.  NEW TRIANG MATRIX.  MAX DOF INC= -0.1494E-01
     FORCE CONVERGENCE VALUE  =  0.9336E-02  CRITERION=  0.1247     <<< CONVERGED
    >>> SOLUTION CONVERGED AFTER EQUILIBRIUM ITERATION   6

   *** ELEMENT RESULT CALCULATION TIMES
     TYPE    NUMBER   ENAME      TOTAL CP  AVE CP

        1      2455  SOLID186      0.750   0.000305

   *** NODAL LOAD CALCULATION TIMES
     TYPE    NUMBER   ENAME      TOTAL CP  AVE CP

        1      2455  SOLID186      0.125   0.000051
 *** LOAD STEP     1   SUBSTEP     1  COMPLETED.    CUM ITER =      6
 *** TIME =   1.00000         TIME INC =   1.00000    

 *** NOTE ***                            CP =     198.188   TIME= 21:30:35
 During this loadstep the PCG iterative solver took more than 1000       
 iterations to solve the system of equations.  In the future it may be   
 more efficient to choose a direct solver, such as the SPARSE solver,    
 for this analysis.                                                      


 *** ANSYS BINARY FILE STATISTICS
  BUFFER SIZE USED= 16384
        8.125 MB WRITTEN ON ELEMENT SAVED DATA FILE: file0.esav
        2.062 MB WRITTEN ON RESULTS FILE: file0.rst
 *************** Write FE CONNECTORS *********

 WRITE OUT CONSTRAINT EQUATIONS TO FILE= file.ce                                                                                                                                                                                                                                                             
 ****************************************************
 *************** FINISHED SOLVE FOR LS 1 *************
 ****************************************************
 ******************* SOLVE FOR LS 2 OF 3 ****************
 *** Set Displacements ***

 PRINTOUT RESUMED BY /GOP

 USE AUTOMATIC TIME STEPPING THIS LOAD STEP

 USE       1 SUBSTEPS INITIALLY THIS LOAD STEP FOR ALL  DEGREES OF FREEDOM
 FOR AUTOMATIC TIME STEPPING:
   USE     10 SUBSTEPS AS A MAXIMUM
   USE      1 SUBSTEPS AS A MINIMUM

 TIME=  2.0000    

 ERASE THE CURRENT DATABASE OUTPUT CONTROL TABLE.


 WRITE ALL  ITEMS TO THE DATABASE WITH A FREQUENCY OF NONE
   FOR ALL APPLICABLE ENTITIES

 WRITE NSOL ITEMS TO THE DATABASE WITH A FREQUENCY OF ALL 
   FOR ALL APPLICABLE ENTITIES

 WRITE RSOL ITEMS TO THE DATABASE WITH A FREQUENCY OF ALL 
   FOR ALL APPLICABLE ENTITIES

 WRITE EANG ITEMS TO THE DATABASE WITH A FREQUENCY OF ALL 
   FOR ALL APPLICABLE ENTITIES

 WRITE ETMP ITEMS TO THE DATABASE WITH A FREQUENCY OF ALL 
   FOR ALL APPLICABLE ENTITIES

 WRITE VENG ITEMS TO THE DATABASE WITH A FREQUENCY OF ALL 
   FOR ALL APPLICABLE ENTITIES

 WRITE STRS ITEMS TO THE DATABASE WITH A FREQUENCY OF ALL 
   FOR ALL APPLICABLE ENTITIES

 WRITE EPEL ITEMS TO THE DATABASE WITH A FREQUENCY OF ALL 
   FOR ALL APPLICABLE ENTITIES

 WRITE EPPL ITEMS TO THE DATABASE WITH A FREQUENCY OF ALL 
   FOR ALL APPLICABLE ENTITIES

 WRITE CONT ITEMS TO THE DATABASE WITH A FREQUENCY OF ALL 
   FOR ALL APPLICABLE ENTITIES

 *****  ANSYS SOLVE    COMMAND  *****

 *** NOTE ***                            CP =     198.234   TIME= 21:30:35
 This nonlinear analysis defaults to using the full Newton-Raphson       
 solution procedure.  This can be modified using the NROPT command.      

 *** ANSYS - ENGINEERING ANALYSIS SYSTEM  RELEASE 2019 R3          19.5     ***
 DISTRIBUTED ANSYS AIM Pro                                     

 00429955  VERSION=WINDOWS x64   21:30:35  NOV 18, 2020 CP=    198.266

 FEM--Static Structural (B5)                                                   



                      L O A D   S T E P   O P T I O N S

   LOAD STEP NUMBER. . . . . . . . . . . . . . . .     2
   TIME AT END OF THE LOAD STEP. . . . . . . . . .  2.0000    
   AUTOMATIC TIME STEPPING . . . . . . . . . . . .    ON
      INITIAL NUMBER OF SUBSTEPS . . . . . . . . .     1
      MAXIMUM NUMBER OF SUBSTEPS . . . . . . . . .    10
      MINIMUM NUMBER OF SUBSTEPS . . . . . . . . .     1
   MAXIMUM NUMBER OF EQUILIBRIUM ITERATIONS. . . .    15
   STEP CHANGE BOUNDARY CONDITIONS . . . . . . . .    NO
   STRESS-STIFFENING . . . . . . . . . . . . . . .    ON
   TERMINATE ANALYSIS IF NOT CONVERGED . . . . . .YES (EXIT)  
   CONVERGENCE CONTROLS. . . . . . . . . . . . . .USE DEFAULTS
   PRINT OUTPUT CONTROLS . . . . . . . . . . . . .NO PRINTOUT
   DATABASE OUTPUT CONTROLS
      ITEM     FREQUENCY   COMPONENT
       ALL       NONE               
      NSOL        ALL               
      RSOL        ALL               
      EANG        ALL               
      ETMP        ALL               
      VENG        ALL               
      STRS        ALL               
      EPEL        ALL               
      EPPL        ALL               
      CONT        ALL               


 SOLUTION MONITORING INFO IS WRITTEN TO FILE= file.mntr                                                                                                                                                                                                                                                           

     FORCE CONVERGENCE VALUE  =  0.1422E+06  CRITERION=   725.4    
     DISP CONVERGENCE VALUE   =   5.409      CRITERION=  0.5699    
    EQUIL ITER   1 COMPLETED.  NEW TRIANG MATRIX.  MAX DOF INC=  -5.409    
     FORCE CONVERGENCE VALUE  =   1045.      CRITERION=  0.1694    
     DISP CONVERGENCE VALUE   =  0.2645      CRITERION=  0.5816     <<< CONVERGED
    EQUIL ITER   2 COMPLETED.  NEW TRIANG MATRIX.  MAX DOF INC=  0.2645    
     FORCE CONVERGENCE VALUE  =   6.737      CRITERION=  0.1648    
     DISP CONVERGENCE VALUE   =  0.7083      CRITERION=  0.5934    
    EQUIL ITER   3 COMPLETED.  NEW TRIANG MATRIX.  MAX DOF INC= -0.7083    
     FORCE CONVERGENCE VALUE  =   32.61      CRITERION=  0.1735    
     DISP CONVERGENCE VALUE   =  0.1969      CRITERION=  0.6055     <<< CONVERGED
    EQUIL ITER   4 COMPLETED.  NEW TRIANG MATRIX.  MAX DOF INC=  0.1969    
     FORCE CONVERGENCE VALUE  =   2.177      CRITERION=  0.1751    
     DISP CONVERGENCE VALUE   =   1.207      CRITERION=  0.6438    
    EQUIL ITER   5 COMPLETED.  NEW TRIANG MATRIX.  MAX DOF INC=   1.207    
     FORCE CONVERGENCE VALUE  =   87.37      CRITERION=  0.1692    
    >>> SOLUTION PATTERNS SHOW DIVERGENCE AT ITERATION =   6
 *** LOAD STEP     2   SUBSTEP     1  NOT COMPLETED.  CUM ITER =     12
 *** BEGIN BISECTION NUMBER   1    NEW TIME INCREMENT=  0.45000    

     FORCE CONVERGENCE VALUE  =  0.6398E+05  CRITERION=   326.4    
     DISP CONVERGENCE VALUE   =   2.424      CRITERION=  0.5939    
    EQUIL ITER   1 COMPLETED.  NEW TRIANG MATRIX.  MAX DOF INC=  -2.424    
     FORCE CONVERGENCE VALUE  =   208.5      CRITERION=  0.1383    
     DISP CONVERGENCE VALUE   =  0.5188E-01  CRITERION=  0.6060     <<< CONVERGED
    EQUIL ITER   2 COMPLETED.  NEW TRIANG MATRIX.  MAX DOF INC=  0.5188E-01
     FORCE CONVERGENCE VALUE  =  0.2688      CRITERION=  0.1394    
     DISP CONVERGENCE VALUE   =  0.4542      CRITERION=  0.6184     <<< CONVERGED
    EQUIL ITER   3 COMPLETED.  NEW TRIANG MATRIX.  MAX DOF INC=  0.4542    
     FORCE CONVERGENCE VALUE  =   12.19      CRITERION=  0.1395    
     DISP CONVERGENCE VALUE   =  0.1615E-01  CRITERION=  0.6310     <<< CONVERGED
    EQUIL ITER   4 COMPLETED.  NEW TRIANG MATRIX.  MAX DOF INC= -0.1615E-01
     FORCE CONVERGENCE VALUE  =  0.9427E-02  CRITERION=  0.1424     <<< CONVERGED
    >>> SOLUTION CONVERGED AFTER EQUILIBRIUM ITERATION   4
 *** LOAD STEP     2   SUBSTEP     1  COMPLETED.    CUM ITER =     15
 *** TIME =   1.45000         TIME INC =  0.450000    
 *** AUTO TIME STEP:  NEXT TIME INC = 0.27500      DECREASED (FACTOR = 0.6111)

     FORCE CONVERGENCE VALUE  =   308.8      CRITERION=  0.1440    
     DISP CONVERGENCE VALUE   =  0.7786E-01  CRITERION=  0.5939     <<< CONVERGED
    EQUIL ITER   1 COMPLETED.  NEW TRIANG MATRIX.  MAX DOF INC=  0.7786E-01
     FORCE CONVERGENCE VALUE  =  0.5485      CRITERION=  0.1446    
     DISP CONVERGENCE VALUE   =  0.1403      CRITERION=  0.6060     <<< CONVERGED
    EQUIL ITER   2 COMPLETED.  NEW TRIANG MATRIX.  MAX DOF INC=  0.1403    
     FORCE CONVERGENCE VALUE  =   1.092      CRITERION=  0.1463    
     DISP CONVERGENCE VALUE   =  0.2632E-01  CRITERION=  0.6184     <<< CONVERGED
    EQUIL ITER   3 COMPLETED.  NEW TRIANG MATRIX.  MAX DOF INC= -0.2632E-01
     FORCE CONVERGENCE VALUE  =  0.4065E-01  CRITERION=  0.1495     <<< CONVERGED
    >>> SOLUTION CONVERGED AFTER EQUILIBRIUM ITERATION   3
 *** LOAD STEP     2   SUBSTEP     2  COMPLETED.    CUM ITER =     18
 *** TIME =   1.72500         TIME INC =  0.275000    
 *** AUTO STEP TIME:  NEXT TIME INC = 0.27500      UNCHANGED

     FORCE CONVERGENCE VALUE  =   267.1      CRITERION=  0.1500    
     DISP CONVERGENCE VALUE   =  0.6791E-01  CRITERION=  0.5939     <<< CONVERGED
    EQUIL ITER   1 COMPLETED.  NEW TRIANG MATRIX.  MAX DOF INC=  0.6791E-01
     FORCE CONVERGENCE VALUE  =  0.4671      CRITERION=  0.1511    
     DISP CONVERGENCE VALUE   =  0.3283E-01  CRITERION=  0.6060     <<< CONVERGED
    EQUIL ITER   2 COMPLETED.  NEW TRIANG MATRIX.  MAX DOF INC=  0.3283E-01
     FORCE CONVERGENCE VALUE  =  0.6492E-01  CRITERION=  0.1536     <<< CONVERGED
    >>> SOLUTION CONVERGED AFTER EQUILIBRIUM ITERATION   2
 *** LOAD STEP     2   SUBSTEP     3  COMPLETED.    CUM ITER =     20
 *** TIME =   2.00000         TIME INC =  0.275000    

 *** NOTE ***                            CP =     782.547   TIME= 21:41:09
 During this loadstep the PCG iterative solver took more than 1000       
 iterations to solve the system of equations.  In the future it may be   
 more efficient to choose a direct solver, such as the SPARSE solver,    
 for this analysis.                                                      
 ****************************************************
 *************** FINISHED SOLVE FOR LS 2 *************
 ****************************************************
 ******************* SOLVE FOR LS 3 OF 3 ****************
 *** Set Displacements ***

 PRINTOUT RESUMED BY /GOP

 USE AUTOMATIC TIME STEPPING THIS LOAD STEP

 USE INITIAL TIME STEP SIZE OF 0.2000000     FOR ALL  DEGREES OF FREEDOM
 FOR AUTOMATIC TIME STEPPING:
   USE 0.3846150E-01 AS THE MINIMUM TIME STEP SIZE
   USE  1.000000     AS THE MAXIMUM TIME STEP SIZE

 TIME=  3.0000    

 ERASE THE CURRENT DATABASE OUTPUT CONTROL TABLE.


 WRITE ALL  ITEMS TO THE DATABASE WITH A FREQUENCY OF NONE
   FOR ALL APPLICABLE ENTITIES

 WRITE NSOL ITEMS TO THE DATABASE WITH A FREQUENCY OF ALL 
   FOR ALL APPLICABLE ENTITIES

 WRITE RSOL ITEMS TO THE DATABASE WITH A FREQUENCY OF ALL 
   FOR ALL APPLICABLE ENTITIES

 WRITE EANG ITEMS TO THE DATABASE WITH A FREQUENCY OF ALL 
   FOR ALL APPLICABLE ENTITIES

 WRITE ETMP ITEMS TO THE DATABASE WITH A FREQUENCY OF ALL 
   FOR ALL APPLICABLE ENTITIES

 WRITE VENG ITEMS TO THE DATABASE WITH A FREQUENCY OF ALL 
   FOR ALL APPLICABLE ENTITIES

 WRITE STRS ITEMS TO THE DATABASE WITH A FREQUENCY OF ALL 
   FOR ALL APPLICABLE ENTITIES

 WRITE EPEL ITEMS TO THE DATABASE WITH A FREQUENCY OF ALL 
   FOR ALL APPLICABLE ENTITIES

 WRITE EPPL ITEMS TO THE DATABASE WITH A FREQUENCY OF ALL 
   FOR ALL APPLICABLE ENTITIES

 WRITE CONT ITEMS TO THE DATABASE WITH A FREQUENCY OF ALL 
   FOR ALL APPLICABLE ENTITIES

 *****  ANSYS SOLVE    COMMAND  *****

 *** NOTE ***                            CP =     782.609   TIME= 21:41:09
 This nonlinear analysis defaults to using the full Newton-Raphson       
 solution procedure.  This can be modified using the NROPT command.      

 *** ANSYS - ENGINEERING ANALYSIS SYSTEM  RELEASE 2019 R3          19.5     ***
 DISTRIBUTED ANSYS AIM Pro                                     

 00429955  VERSION=WINDOWS x64   21:41:09  NOV 18, 2020 CP=    782.641

 FEM--Static Structural (B5)                                                   



                      L O A D   S T E P   O P T I O N S

   LOAD STEP NUMBER. . . . . . . . . . . . . . . .     3
   TIME AT END OF THE LOAD STEP. . . . . . . . . .  3.0000    
   AUTOMATIC TIME STEPPING . . . . . . . . . . . .    ON
      STARTING TIME STEP SIZE. . . . . . . . . . . 0.20000    
      MINIMUM TIME STEP SIZE . . . . . . . . . . . 0.38461E-01
      MAXIMUM TIME STEP SIZE . . . . . . . . . . .  1.0000    
   MAXIMUM NUMBER OF EQUILIBRIUM ITERATIONS. . . .    15
   STEP CHANGE BOUNDARY CONDITIONS . . . . . . . .    NO
   STRESS-STIFFENING . . . . . . . . . . . . . . .    ON
   TERMINATE ANALYSIS IF NOT CONVERGED . . . . . .YES (EXIT)  
   CONVERGENCE CONTROLS. . . . . . . . . . . . . .USE DEFAULTS
   PRINT OUTPUT CONTROLS . . . . . . . . . . . . .NO PRINTOUT
   DATABASE OUTPUT CONTROLS
      ITEM     FREQUENCY   COMPONENT
       ALL       NONE               
      NSOL        ALL               
      RSOL        ALL               
      EANG        ALL               
      ETMP        ALL               
      VENG        ALL               
      STRS        ALL               
      EPEL        ALL               
      EPPL        ALL               
      CONT        ALL               


 SOLUTION MONITORING INFO IS WRITTEN TO FILE= file.mntr                                                                                                                                                                                                                                                           

     FORCE CONVERGENCE VALUE  =  0.6492E-01  CRITERION=  0.1475    
     DISP CONVERGENCE VALUE   =  0.5902E-02  CRITERION=  0.6147     <<< CONVERGED
    EQUIL ITER   1 COMPLETED.  NEW TRIANG MATRIX.  MAX DOF INC= -0.5902E-02
     FORCE CONVERGENCE VALUE  =  0.2084E-02  CRITERION=  0.1506     <<< CONVERGED
    >>> SOLUTION CONVERGED AFTER EQUILIBRIUM ITERATION   1
 *** LOAD STEP     3   SUBSTEP     1  COMPLETED.    CUM ITER =     21
 *** TIME =   2.20000         TIME INC =  0.200000    
 *** AUTO STEP TIME:  NEXT TIME INC = 0.20000      UNCHANGED

     FORCE CONVERGENCE VALUE  =  0.5834E-01  CRITERION=  0.1476    
     DISP CONVERGENCE VALUE   =  0.5899E-02  CRITERION=  0.6147     <<< CONVERGED
    EQUIL ITER   1 COMPLETED.  NEW TRIANG MATRIX.  MAX DOF INC=  0.5899E-02
     FORCE CONVERGENCE VALUE  =  0.2074E-02  CRITERION=  0.1506     <<< CONVERGED
    >>> SOLUTION CONVERGED AFTER EQUILIBRIUM ITERATION   1
 *** LOAD STEP     3   SUBSTEP     2  COMPLETED.    CUM ITER =     22
 *** TIME =   2.40000         TIME INC =  0.200000    
 *** AUTO TIME STEP:  NEXT TIME INC = 0.30000      INCREASED (FACTOR = 1.5000)

     FORCE CONVERGENCE VALUE  =  0.2339E-02  CRITERION=  0.1476    
     DISP CONVERGENCE VALUE   =  0.9975E-04  CRITERION=  0.6147     <<< CONVERGED
    EQUIL ITER   1 COMPLETED.  NEW TRIANG MATRIX.  MAX DOF INC= -0.9975E-04
     FORCE CONVERGENCE VALUE  =  0.7831E-05  CRITERION=  0.1506     <<< CONVERGED
    >>> SOLUTION CONVERGED AFTER EQUILIBRIUM ITERATION   1
 *** LOAD STEP     3   SUBSTEP     3  COMPLETED.    CUM ITER =     23
 *** TIME =   2.70000         TIME INC =  0.300000    
 *** AUTO STEP TIME:  NEXT TIME INC = 0.30000      UNCHANGED

     FORCE CONVERGENCE VALUE  =  0.2072E-02  CRITERION=  0.1476    
     DISP CONVERGENCE VALUE   =  0.1059E-03  CRITERION=  0.6147     <<< CONVERGED
    EQUIL ITER   1 COMPLETED.  NEW TRIANG MATRIX.  MAX DOF INC=  0.1059E-03
     FORCE CONVERGENCE VALUE  =  0.5299E-05  CRITERION=  0.1506     <<< CONVERGED
    >>> SOLUTION CONVERGED AFTER EQUILIBRIUM ITERATION   1
 *** LOAD STEP     3   SUBSTEP     4  COMPLETED.    CUM ITER =     24
 *** TIME =   3.00000         TIME INC =  0.300000    

 *** NOTE ***                            CP =     942.000   TIME= 21:44:07
 During this loadstep the PCG iterative solver took more than 1000       
 iterations to solve the system of equations.  In the future it may be   
 more efficient to choose a direct solver, such as the SPARSE solver,    
 for this analysis.                                                      
 ****************************************************
 *************** FINISHED SOLVE FOR LS 3 *************

 *GET  _WALLASOL  FROM  ACTI  ITEM=TIME WALL  VALUE=  21.7352778    

 PRINTOUT RESUMED BY /GOP

 *GET  _PCGITER  FROM  ACTI  ITEM=SOLU CGIT  VALUE=  2614.00000    

 FINISH SOLUTION PROCESSING


 ***** ROUTINE COMPLETED *****  CP =       942.391



 *** ANSYS - ENGINEERING ANALYSIS SYSTEM  RELEASE 2019 R3          19.5     ***
 DISTRIBUTED ANSYS AIM Pro                                     

 00429955  VERSION=WINDOWS x64   21:44:07  NOV 18, 2020 CP=    942.406

 FEM--Static Structural (B5)                                                   



          ***** ANSYS RESULTS INTERPRETATION (POST1) *****

 *** NOTE ***                            CP =     942.406   TIME= 21:44:07
 Reading results into the database (SET command) will update the current 
 displacement and force boundary conditions in the database with the     
 values from the results file for that load set.  Note that any          
 subsequent solutions will use these values unless action is taken to    
 either SAVE the current values or not overwrite them (/EXIT,NOSAVE).    

 Set Encoding of XML File to:ISO-8859-1

 Set Output of XML File to:
     PARM,     ,     ,     ,     ,     ,     ,     ,     ,     ,     ,     ,
         ,     ,     ,     ,     ,     ,     ,

 DATABASE WRITTEN ON FILE  parm.xml                                                                                                                                                                                                                                                            

 EXIT THE ANSYS POST1 DATABASE PROCESSOR


 ***** ROUTINE COMPLETED *****  CP =       942.422



 PRINTOUT RESUMED BY /GOP

 *GET  _WALLDONE  FROM  ACTI  ITEM=TIME WALL  VALUE=  21.7352778    

 PARAMETER _PREPTIME =     0.000000000    

 PARAMETER _SOLVTIME =     1033.000000    

 PARAMETER _POSTTIME =     0.000000000    

 PARAMETER _TOTALTIM =     1033.000000    

 *GET  _DLBRATIO  FROM  ACTI  ITEM=SOLU DLBR  VALUE=  1.00081500    

 *GET  _COMBTIME  FROM  ACTI  ITEM=SOLU COMB  VALUE= 0.300957500    
 --- Number of total nodes = 14432
 --- Number of total elements = 2455
 --- Element load balance ratio = 1.000815
 --- Time to combine distributed files = 0.3009575

 EXIT ANSYS WITHOUT SAVING DATABASE


 NUMBER OF WARNING MESSAGES ENCOUNTERED=          1
 NUMBER OF ERROR   MESSAGES ENCOUNTERED=          0

 *** NOTE ***                            CP =     942.578   TIME= 21:44:07
 The solution for the current simulation was performed using 2 cores.    
 The parallel performance of this simulation on this hardware indicates  
 that this simulation would benefit from using additional CPU cores.     
 Consider using more CPU cores, which may require additional HPC         
 licenses, when running this simulation again on the same hardware.      

+--------- D I S T R I B U T E D   A N S Y S   S T A T I S T I C S ------------+

Release: 2019 R3            Build: 19.5       Update: UP20190805   Platform: WINDOWS x64 
Date Run: 11/18/2020   Time: 21:44     Process ID: 33292
Operating System: Windows 10  (Build: 18363)

Processor Model: Intel(R) Core(TM) i7-6700HQ CPU @ 2.60GHz

Compiler: Intel(R) FORTRAN Compiler Version 17.0.6  (Build: 20171215)
          Intel(R) C/C++ Compiler Version 17.0.6  (Build: 20171215)
          Intel(R) Math Kernel Library Version 2017.0.3 Product Build 20170413

Number of machines requested            :    1
Total number of cores available         :    8
Number of physical cores available      :    4
Number of processes requested           :    2
Number of threads per process requested :    1
Total number of cores requested         :    2 (Distributed Memory Parallel)               
MPI Type: INTELMPI
MPI Version: Intel(R) MPI Library 2018 Update 3 for Windows* OS


GPU Acceleration: Not Requested

Job Name: file0
Input File: dummy.dat

  Core                Machine Name   Working Directory
 -----------------------------------------------------
     0                  PIM-Laptop   C:\Users\pedeb\Desktop\HTE\Compliant\Empty\_ProjectScratch\ScrDF78
     1                  PIM-Laptop   C:\Users\pedeb\Desktop\HTE\Compliant\Empty\_ProjectScratch\ScrDF78
 
Latency time from master to core     1 =    5.854 microseconds
 
Communication speed from master to core     1 =  1102.20 MB/sec

Total CPU time for main thread                    :      942.3 seconds
Total CPU time summed for all threads             :      942.6 seconds

Elapsed time spent pre-processing model (/PREP7)  :        0.1 seconds
Elapsed time spent solution - preprocessing       :        0.3 seconds
Elapsed time spent computing solution             :     1032.6 seconds
Elapsed time spent solution - postprocessing      :        0.3 seconds
Elapsed time spent post-processing model (/POST1) :        0.0 seconds
 
Equation solver used                              :            PCG (symmetric)
Equation solver computational rate                :        2.0 Gflops

Maximum total memory used                         :      225.0 MB
Maximum total memory allocated                    :     3136.0 MB
Total physical memory available                   :          8 GB

Total amount of I/O written to disk               :        1.5 GB
Total amount of I/O read from disk                :        1.5 GB

+------ E N D   D I S T R I B U T E D   A N S Y S   S T A T I S T I C S -------+


 *---------------------------------------------------------------------------*
 |                                                                           |
 |                       DISTRIBUTED ANSYS RUN COMPLETED                     |
 |                                                                           |
 |---------------------------------------------------------------------------|
 |                                                                           |
 | Ansys 2019 R3               Build 19.5         UP20190805     WINDOWS x64 |
 |                                                                           |
 |---------------------------------------------------------------------------|
 |                                                                           |
 | Database Requested(-db)  1024 MB    Scratch Memory Requested      1024 MB |
 | Maximum Database Used       7 MB    Maximum Scratch Memory Used    115 MB |
 |                                                                           |
 |---------------------------------------------------------------------------|
 |                                                                           |
 |        CP Time      (sec) =        942.578       Time  =  21:44:07        |
 |        Elapsed Time (sec) =       1036.000       Date  =  11/18/2020      |
 |                                                                           |
 *---------------------------------------------------------------------------*
